c:\users\franz\source\repos\glfwopengl\opengl_project\debug\vc143.pdb
c:\users\franz\source\repos\glfwopengl\opengl_project\debug\vc143.idb
c:\users\franz\source\repos\glfwopengl\opengl_project\debug\wfetc.obj
c:\users\franz\source\repos\glfwopengl\opengl_project\debug\image_helper.obj
c:\users\franz\source\repos\glfwopengl\opengl_project\debug\image_dxt.obj
c:\users\franz\source\repos\glfwopengl\opengl_project\debug\soil2.obj
c:\users\franz\source\repos\glfwopengl\opengl_project\debug\main.obj
c:\users\franz\source\repos\glfwopengl\opengl_project\debug\glfwopengl.res
c:\users\franz\source\repos\glfwopengl\opengl_project\debug\glfwopengl.obj
c:\users\franz\source\repos\glfwopengl\opengl_project\debug\glfwopengl.pdb
c:\users\franz\source\repos\glfwopengl\opengl_project\debug\glfwopengl.nativecodeanalysis.xml
c:\users\franz\source\repos\glfwopengl\opengl_project\debug\image_helper.nativecodeanalysis.xml
c:\users\franz\source\repos\glfwopengl\opengl_project\debug\main.nativecodeanalysis.xml
c:\users\franz\source\repos\glfwopengl\opengl_project\debug\wfetc.nativecodeanalysis.xml
c:\users\franz\source\repos\glfwopengl\opengl_project\debug\glfwopengl.tlog\cl.command.1.tlog
c:\users\franz\source\repos\glfwopengl\opengl_project\debug\glfwopengl.tlog\cl.read.1.tlog
c:\users\franz\source\repos\glfwopengl\opengl_project\debug\glfwopengl.tlog\cl.write.1.tlog
c:\users\franz\source\repos\glfwopengl\opengl_project\debug\glfwopengl.tlog\link.13692-cvtres.read.1.tlog
c:\users\franz\source\repos\glfwopengl\opengl_project\debug\glfwopengl.tlog\link.13692-cvtres.write.1.tlog
c:\users\franz\source\repos\glfwopengl\opengl_project\debug\glfwopengl.tlog\link.13692-rc.read.1.tlog
c:\users\franz\source\repos\glfwopengl\opengl_project\debug\glfwopengl.tlog\link.13692-rc.write.1.tlog
c:\users\franz\source\repos\glfwopengl\opengl_project\debug\glfwopengl.tlog\link.13692.read.1.tlog
c:\users\franz\source\repos\glfwopengl\opengl_project\debug\glfwopengl.tlog\link.13692.write.1.tlog
c:\users\franz\source\repos\glfwopengl\opengl_project\debug\glfwopengl.tlog\link.command.1.tlog
c:\users\franz\source\repos\glfwopengl\opengl_project\debug\glfwopengl.tlog\link.read.1.tlog
c:\users\franz\source\repos\glfwopengl\opengl_project\debug\glfwopengl.tlog\link.write.1.tlog
c:\users\franz\source\repos\glfwopengl\opengl_project\debug\glfwopengl.tlog\rc.command.1.tlog
c:\users\franz\source\repos\glfwopengl\opengl_project\debug\glfwopengl.tlog\rc.read.1.tlog
c:\users\franz\source\repos\glfwopengl\opengl_project\debug\glfwopengl.tlog\rc.write.1.tlog
